2017-08-22 21:58:30 INFO  AppMain:12 - .......Hibernate Crud Operations Example.......

2017-08-22 21:58:30 INFO  AppMain:14 - 
=======CREATE RECORDS=======

2017-08-22 21:58:32 INFO  DbOperations:57 - 
Successfully Created '5' Records In The Database!

2017-08-22 21:58:32 INFO  AppMain:17 - 
=======READ RECORDS=======

2017-08-22 21:58:32 INFO  AppMain:21 - Student Details?= Id: 1, Name: Editor 101, Roll No.: 101, Course: Bachelor Of Technology
2017-08-22 21:58:32 INFO  AppMain:21 - Student Details?= Id: 2, Name: Editor 102, Roll No.: 102, Course: Bachelor Of Technology
2017-08-22 21:58:32 INFO  AppMain:21 - Student Details?= Id: 3, Name: Editor 103, Roll No.: 103, Course: Bachelor Of Technology
2017-08-22 21:58:32 INFO  AppMain:21 - Student Details?= Id: 4, Name: Editor 104, Roll No.: 104, Course: Bachelor Of Technology
2017-08-22 21:58:32 INFO  AppMain:21 - Student Details?= Id: 5, Name: Editor 105, Roll No.: 105, Course: Bachelor Of Technology
2017-08-22 21:58:32 INFO  AppMain:25 - 
=======UPDATE RECORDS=======

2017-08-22 21:58:32 INFO  DbOperations:111 - 
Student With Id?= 1 Is Successfully Updated In The Database!

2017-08-22 21:58:32 INFO  AppMain:28 - 
=======READ RECORDS AFTER UPDATION=======

2017-08-22 21:58:32 INFO  AppMain:32 - Student Details?= Id: 1, Name: Java Code Geek, Roll No.: 101, Course: Masters Of Technology
2017-08-22 21:58:32 INFO  AppMain:32 - Student Details?= Id: 2, Name: Editor 102, Roll No.: 102, Course: Bachelor Of Technology
2017-08-22 21:58:32 INFO  AppMain:32 - Student Details?= Id: 3, Name: Editor 103, Roll No.: 103, Course: Bachelor Of Technology
2017-08-22 21:58:32 INFO  AppMain:32 - Student Details?= Id: 4, Name: Editor 104, Roll No.: 104, Course: Bachelor Of Technology
2017-08-22 21:58:32 INFO  AppMain:32 - Student Details?= Id: 5, Name: Editor 105, Roll No.: 105, Course: Bachelor Of Technology
2017-08-22 21:58:32 INFO  AppMain:36 - 
=======DELETE RECORD=======

2017-08-22 21:58:32 INFO  DbOperations:139 - 
Student With Id?= 5 Is Successfully Deleted From The Database!

2017-08-22 21:58:32 INFO  AppMain:39 - 
=======READ RECORDS AFTER DELETION=======

2017-08-22 21:58:32 INFO  AppMain:42 - Student Details?= Id: 1, Name: Java Code Geek, Roll No.: 101, Course: Masters Of Technology
2017-08-22 21:58:32 INFO  AppMain:42 - Student Details?= Id: 2, Name: Editor 102, Roll No.: 102, Course: Bachelor Of Technology
2017-08-22 21:58:32 INFO  AppMain:42 - Student Details?= Id: 3, Name: Editor 103, Roll No.: 103, Course: Bachelor Of Technology
2017-08-22 21:58:32 INFO  AppMain:42 - Student Details?= Id: 4, Name: Editor 104, Roll No.: 104, Course: Bachelor Of Technology
2017-08-22 21:58:32 INFO  AppMain:45 - 
=======DELETE ALL RECORDS=======

2017-08-22 21:58:33 INFO  DbOperations:187 - 
Successfully Deleted All Records From The Database Table!

2017-08-22 21:58:33 INFO  AppMain:47 - 
=======READ RECORDS AFTER ALL RECORDS DELETION=======
2017-08-22 21:58:33 INFO  AppMain:50 - 
No Records Are Present In The Database Table!

2020-08-26 18:44:32 INFO  AppMain:12 - .......Hibernate Crud Operations Example.......

2020-08-26 18:44:32 INFO  AppMain:14 - 
=======CREATE RECORDS=======

2020-08-26 18:44:33 INFO  DbOperations:57 - 
Successfully Created '5' Records In The Database!

2020-08-26 18:44:33 INFO  AppMain:17 - 
=======READ RECORDS=======

2020-08-26 18:44:34 INFO  AppMain:21 - Student Details?= Id: 1, Name: Editor 101, Roll No.: 101, Course: Bachelor Of Technology
2020-08-26 18:44:34 INFO  AppMain:21 - Student Details?= Id: 2, Name: Editor 102, Roll No.: 102, Course: Bachelor Of Technology
2020-08-26 18:44:34 INFO  AppMain:21 - Student Details?= Id: 3, Name: Editor 103, Roll No.: 103, Course: Bachelor Of Technology
2020-08-26 18:44:34 INFO  AppMain:21 - Student Details?= Id: 4, Name: Editor 104, Roll No.: 104, Course: Bachelor Of Technology
2020-08-26 18:44:34 INFO  AppMain:21 - Student Details?= Id: 5, Name: Editor 105, Roll No.: 105, Course: Bachelor Of Technology
2020-08-26 18:44:34 INFO  AppMain:25 - 
=======UPDATE RECORDS=======

2020-08-26 18:44:34 INFO  DbOperations:111 - 
Student With Id?= 1 Is Successfully Updated In The Database!

2020-08-26 18:44:34 INFO  AppMain:28 - 
=======READ RECORDS AFTER UPDATION=======

2020-08-26 18:44:34 INFO  AppMain:32 - Student Details?= Id: 1, Name: Java Code Geek, Roll No.: 101, Course: Masters Of Technology
2020-08-26 18:44:34 INFO  AppMain:32 - Student Details?= Id: 2, Name: Editor 102, Roll No.: 102, Course: Bachelor Of Technology
2020-08-26 18:44:34 INFO  AppMain:32 - Student Details?= Id: 3, Name: Editor 103, Roll No.: 103, Course: Bachelor Of Technology
2020-08-26 18:44:34 INFO  AppMain:32 - Student Details?= Id: 4, Name: Editor 104, Roll No.: 104, Course: Bachelor Of Technology
2020-08-26 18:44:34 INFO  AppMain:32 - Student Details?= Id: 5, Name: Editor 105, Roll No.: 105, Course: Bachelor Of Technology
2020-08-26 18:44:34 INFO  AppMain:36 - 
=======DELETE RECORD=======

2020-08-26 18:44:34 INFO  DbOperations:138 - 
Student With Id?= 5 Is Successfully Deleted From The Database!

2020-08-26 18:44:34 INFO  AppMain:39 - 
=======READ RECORDS AFTER DELETION=======

2020-08-26 18:44:34 INFO  AppMain:42 - Student Details?= Id: 1, Name: Java Code Geek, Roll No.: 101, Course: Masters Of Technology
2020-08-26 18:44:34 INFO  AppMain:42 - Student Details?= Id: 2, Name: Editor 102, Roll No.: 102, Course: Bachelor Of Technology
2020-08-26 18:44:34 INFO  AppMain:42 - Student Details?= Id: 3, Name: Editor 103, Roll No.: 103, Course: Bachelor Of Technology
2020-08-26 18:44:34 INFO  AppMain:42 - Student Details?= Id: 4, Name: Editor 104, Roll No.: 104, Course: Bachelor Of Technology
2020-08-26 18:44:34 INFO  AppMain:45 - 
=======DELETE ALL RECORDS=======

2020-08-26 18:44:34 INFO  DbOperations:185 - 
Successfully Deleted All Records From The Database Table!

2020-08-26 18:44:34 INFO  AppMain:47 - 
=======READ RECORDS AFTER ALL RECORDS DELETION=======
2020-08-26 18:44:34 INFO  AppMain:50 - 
No Records Are Present In The Database Table!

2020-08-26 18:46:10 INFO  AppMain:12 - .......Hibernate Crud Operations Example.......

2020-08-26 18:46:10 INFO  AppMain:14 - 
=======CREATE RECORDS=======

2020-08-26 18:46:12 INFO  DbOperations:57 - 
Successfully Created '5' Records In The Database!

2020-08-26 18:46:12 INFO  AppMain:17 - 
=======READ RECORDS=======

2020-08-26 18:46:12 INFO  AppMain:21 - Student Details?= Id: 6, Name: Editor 101, Roll No.: 101, Course: Bachelor Of Technology
2020-08-26 18:46:12 INFO  AppMain:21 - Student Details?= Id: 7, Name: Editor 102, Roll No.: 102, Course: Bachelor Of Technology
2020-08-26 18:46:12 INFO  AppMain:21 - Student Details?= Id: 8, Name: Editor 103, Roll No.: 103, Course: Bachelor Of Technology
2020-08-26 18:46:12 INFO  AppMain:21 - Student Details?= Id: 9, Name: Editor 104, Roll No.: 104, Course: Bachelor Of Technology
2020-08-26 18:46:12 INFO  AppMain:21 - Student Details?= Id: 10, Name: Editor 105, Roll No.: 105, Course: Bachelor Of Technology
2020-08-26 18:46:12 INFO  AppMain:25 - 
=======UPDATE RECORDS=======

2020-08-26 18:46:12 INFO  DbOperations:114 - 
.......Transaction Is Being Rolled Back.......

2020-08-26 18:46:12 INFO  AppMain:28 - 
=======READ RECORDS AFTER UPDATION=======

2020-08-26 18:46:12 INFO  AppMain:32 - Student Details?= Id: 6, Name: Editor 101, Roll No.: 101, Course: Bachelor Of Technology
2020-08-26 18:46:12 INFO  AppMain:32 - Student Details?= Id: 7, Name: Editor 102, Roll No.: 102, Course: Bachelor Of Technology
2020-08-26 18:46:12 INFO  AppMain:32 - Student Details?= Id: 8, Name: Editor 103, Roll No.: 103, Course: Bachelor Of Technology
2020-08-26 18:46:12 INFO  AppMain:32 - Student Details?= Id: 9, Name: Editor 104, Roll No.: 104, Course: Bachelor Of Technology
2020-08-26 18:46:12 INFO  AppMain:32 - Student Details?= Id: 10, Name: Editor 105, Roll No.: 105, Course: Bachelor Of Technology
2020-08-26 18:46:12 INFO  AppMain:36 - 
=======DELETE RECORD=======

2020-08-26 18:46:12 INFO  DbOperations:141 - 
.......Transaction Is Being Rolled Back.......

2020-08-26 18:46:12 INFO  AppMain:39 - 
=======READ RECORDS AFTER DELETION=======

2020-08-26 18:46:12 INFO  AppMain:42 - Student Details?= Id: 6, Name: Editor 101, Roll No.: 101, Course: Bachelor Of Technology
2020-08-26 18:46:12 INFO  AppMain:42 - Student Details?= Id: 7, Name: Editor 102, Roll No.: 102, Course: Bachelor Of Technology
2020-08-26 18:46:12 INFO  AppMain:42 - Student Details?= Id: 8, Name: Editor 103, Roll No.: 103, Course: Bachelor Of Technology
2020-08-26 18:46:12 INFO  AppMain:42 - Student Details?= Id: 9, Name: Editor 104, Roll No.: 104, Course: Bachelor Of Technology
2020-08-26 18:46:12 INFO  AppMain:42 - Student Details?= Id: 10, Name: Editor 105, Roll No.: 105, Course: Bachelor Of Technology
2020-08-26 18:46:12 INFO  AppMain:45 - 
=======DELETE ALL RECORDS=======

2020-08-26 18:46:13 INFO  DbOperations:185 - 
Successfully Deleted All Records From The Database Table!

2020-08-26 18:46:13 INFO  AppMain:47 - 
=======READ RECORDS AFTER ALL RECORDS DELETION=======
2020-08-26 18:46:57 INFO  AppMain:12 - .......Hibernate Crud Operations Example.......

2020-08-26 18:46:57 INFO  AppMain:14 - 
=======CREATE RECORDS=======

2020-08-26 18:46:59 INFO  DbOperations:57 - 
Successfully Created '5' Records In The Database!

2020-08-26 18:46:59 INFO  AppMain:17 - 
=======READ RECORDS=======

2020-08-26 18:46:59 INFO  AppMain:21 - Student Details?= Id: 11, Name: Editor 101, Roll No.: 101, Course: Bachelor Of Technology
2020-08-26 18:46:59 INFO  AppMain:21 - Student Details?= Id: 12, Name: Editor 102, Roll No.: 102, Course: Bachelor Of Technology
2020-08-26 18:46:59 INFO  AppMain:21 - Student Details?= Id: 13, Name: Editor 103, Roll No.: 103, Course: Bachelor Of Technology
2020-08-26 18:46:59 INFO  AppMain:21 - Student Details?= Id: 14, Name: Editor 104, Roll No.: 104, Course: Bachelor Of Technology
2020-08-26 18:46:59 INFO  AppMain:21 - Student Details?= Id: 15, Name: Editor 105, Roll No.: 105, Course: Bachelor Of Technology
2020-08-26 18:46:59 INFO  AppMain:25 - 
=======UPDATE RECORDS=======

2020-08-26 18:46:59 INFO  DbOperations:114 - 
.......Transaction Is Being Rolled Back.......

2020-08-26 18:46:59 INFO  AppMain:28 - 
=======READ RECORDS AFTER UPDATION=======

2020-08-26 18:46:59 INFO  AppMain:32 - Student Details?= Id: 11, Name: Editor 101, Roll No.: 101, Course: Bachelor Of Technology
2020-08-26 18:46:59 INFO  AppMain:32 - Student Details?= Id: 12, Name: Editor 102, Roll No.: 102, Course: Bachelor Of Technology
2020-08-26 18:46:59 INFO  AppMain:32 - Student Details?= Id: 13, Name: Editor 103, Roll No.: 103, Course: Bachelor Of Technology
2020-08-26 18:46:59 INFO  AppMain:32 - Student Details?= Id: 14, Name: Editor 104, Roll No.: 104, Course: Bachelor Of Technology
2020-08-26 18:46:59 INFO  AppMain:32 - Student Details?= Id: 15, Name: Editor 105, Roll No.: 105, Course: Bachelor Of Technology
2020-08-26 18:46:59 INFO  AppMain:36 - 
=======DELETE RECORD=======

2020-08-26 18:46:59 INFO  DbOperations:141 - 
.......Transaction Is Being Rolled Back.......

2020-08-26 18:46:59 INFO  AppMain:39 - 
=======READ RECORDS AFTER DELETION=======

2020-08-26 18:46:59 INFO  AppMain:42 - Student Details?= Id: 11, Name: Editor 101, Roll No.: 101, Course: Bachelor Of Technology
2020-08-26 18:46:59 INFO  AppMain:42 - Student Details?= Id: 12, Name: Editor 102, Roll No.: 102, Course: Bachelor Of Technology
2020-08-26 18:46:59 INFO  AppMain:42 - Student Details?= Id: 13, Name: Editor 103, Roll No.: 103, Course: Bachelor Of Technology
2020-08-26 18:46:59 INFO  AppMain:42 - Student Details?= Id: 14, Name: Editor 104, Roll No.: 104, Course: Bachelor Of Technology
2020-08-26 18:46:59 INFO  AppMain:42 - Student Details?= Id: 15, Name: Editor 105, Roll No.: 105, Course: Bachelor Of Technology
2020-08-26 18:47:54 INFO  AppMain:12 - .......Hibernate Crud Operations Example.......

2020-08-26 18:47:54 INFO  AppMain:14 - 
=======CREATE RECORDS=======

2020-08-26 18:47:56 INFO  DbOperations:57 - 
Successfully Created '5' Records In The Database!

2020-08-26 18:47:56 INFO  AppMain:17 - 
=======READ RECORDS=======

2020-08-26 18:47:56 INFO  AppMain:21 - Student Details?= Id: 11, Name: Editor 101, Roll No.: 101, Course: Bachelor Of Technology
2020-08-26 18:47:56 INFO  AppMain:21 - Student Details?= Id: 12, Name: Editor 102, Roll No.: 102, Course: Bachelor Of Technology
2020-08-26 18:47:56 INFO  AppMain:21 - Student Details?= Id: 13, Name: Editor 103, Roll No.: 103, Course: Bachelor Of Technology
2020-08-26 18:47:56 INFO  AppMain:21 - Student Details?= Id: 14, Name: Editor 104, Roll No.: 104, Course: Bachelor Of Technology
2020-08-26 18:47:56 INFO  AppMain:21 - Student Details?= Id: 15, Name: Editor 105, Roll No.: 105, Course: Bachelor Of Technology
2020-08-26 18:47:56 INFO  AppMain:21 - Student Details?= Id: 16, Name: Editor 101, Roll No.: 101, Course: Bachelor Of Technology
2020-08-26 18:47:56 INFO  AppMain:21 - Student Details?= Id: 17, Name: Editor 102, Roll No.: 102, Course: Bachelor Of Technology
2020-08-26 18:47:56 INFO  AppMain:21 - Student Details?= Id: 18, Name: Editor 103, Roll No.: 103, Course: Bachelor Of Technology
2020-08-26 18:47:56 INFO  AppMain:21 - Student Details?= Id: 19, Name: Editor 104, Roll No.: 104, Course: Bachelor Of Technology
2020-08-26 18:47:56 INFO  AppMain:21 - Student Details?= Id: 20, Name: Editor 105, Roll No.: 105, Course: Bachelor Of Technology
2020-08-26 18:47:56 INFO  AppMain:25 - 
=======UPDATE RECORDS=======

2020-08-26 18:47:56 INFO  DbOperations:114 - 
.......Transaction Is Being Rolled Back.......

2020-08-26 18:47:56 INFO  AppMain:28 - 
=======READ RECORDS AFTER UPDATION=======

2020-08-26 18:47:56 INFO  AppMain:32 - Student Details?= Id: 11, Name: Editor 101, Roll No.: 101, Course: Bachelor Of Technology
2020-08-26 18:47:56 INFO  AppMain:32 - Student Details?= Id: 12, Name: Editor 102, Roll No.: 102, Course: Bachelor Of Technology
2020-08-26 18:47:56 INFO  AppMain:32 - Student Details?= Id: 13, Name: Editor 103, Roll No.: 103, Course: Bachelor Of Technology
2020-08-26 18:47:56 INFO  AppMain:32 - Student Details?= Id: 14, Name: Editor 104, Roll No.: 104, Course: Bachelor Of Technology
2020-08-26 18:47:56 INFO  AppMain:32 - Student Details?= Id: 15, Name: Editor 105, Roll No.: 105, Course: Bachelor Of Technology
2020-08-26 18:47:56 INFO  AppMain:32 - Student Details?= Id: 16, Name: Editor 101, Roll No.: 101, Course: Bachelor Of Technology
2020-08-26 18:47:56 INFO  AppMain:32 - Student Details?= Id: 17, Name: Editor 102, Roll No.: 102, Course: Bachelor Of Technology
2020-08-26 18:47:56 INFO  AppMain:32 - Student Details?= Id: 18, Name: Editor 103, Roll No.: 103, Course: Bachelor Of Technology
2020-08-26 18:47:56 INFO  AppMain:32 - Student Details?= Id: 19, Name: Editor 104, Roll No.: 104, Course: Bachelor Of Technology
2020-08-26 18:47:56 INFO  AppMain:32 - Student Details?= Id: 20, Name: Editor 105, Roll No.: 105, Course: Bachelor Of Technology
2020-08-26 18:48:42 INFO  AppMain:12 - .......Hibernate Crud Operations Example.......

2020-08-26 18:48:42 INFO  AppMain:14 - 
=======CREATE RECORDS=======

2020-08-26 18:48:44 INFO  DbOperations:57 - 
Successfully Created '5' Records In The Database!

2020-08-26 18:48:44 INFO  AppMain:17 - 
=======READ RECORDS=======

2020-08-26 18:48:44 INFO  AppMain:21 - Student Details?= Id: 11, Name: Editor 101, Roll No.: 101, Course: Bachelor Of Technology
2020-08-26 18:48:44 INFO  AppMain:21 - Student Details?= Id: 12, Name: Editor 102, Roll No.: 102, Course: Bachelor Of Technology
2020-08-26 18:48:44 INFO  AppMain:21 - Student Details?= Id: 13, Name: Editor 103, Roll No.: 103, Course: Bachelor Of Technology
2020-08-26 18:48:44 INFO  AppMain:21 - Student Details?= Id: 14, Name: Editor 104, Roll No.: 104, Course: Bachelor Of Technology
2020-08-26 18:48:44 INFO  AppMain:21 - Student Details?= Id: 15, Name: Editor 105, Roll No.: 105, Course: Bachelor Of Technology
2020-08-26 18:48:44 INFO  AppMain:21 - Student Details?= Id: 16, Name: Editor 101, Roll No.: 101, Course: Bachelor Of Technology
2020-08-26 18:48:44 INFO  AppMain:21 - Student Details?= Id: 17, Name: Editor 102, Roll No.: 102, Course: Bachelor Of Technology
2020-08-26 18:48:44 INFO  AppMain:21 - Student Details?= Id: 18, Name: Editor 103, Roll No.: 103, Course: Bachelor Of Technology
2020-08-26 18:48:44 INFO  AppMain:21 - Student Details?= Id: 19, Name: Editor 104, Roll No.: 104, Course: Bachelor Of Technology
2020-08-26 18:48:44 INFO  AppMain:21 - Student Details?= Id: 20, Name: Editor 105, Roll No.: 105, Course: Bachelor Of Technology
2020-08-26 18:48:44 INFO  AppMain:21 - Student Details?= Id: 21, Name: Editor 101, Roll No.: 101, Course: Bachelor Of Technology
2020-08-26 18:48:44 INFO  AppMain:21 - Student Details?= Id: 22, Name: Editor 102, Roll No.: 102, Course: Bachelor Of Technology
2020-08-26 18:48:44 INFO  AppMain:21 - Student Details?= Id: 23, Name: Editor 103, Roll No.: 103, Course: Bachelor Of Technology
2020-08-26 18:48:44 INFO  AppMain:21 - Student Details?= Id: 24, Name: Editor 104, Roll No.: 104, Course: Bachelor Of Technology
2020-08-26 18:48:44 INFO  AppMain:21 - Student Details?= Id: 25, Name: Editor 105, Roll No.: 105, Course: Bachelor Of Technology
2020-08-26 18:48:44 INFO  AppMain:25 - 
=======UPDATE RECORDS=======

2020-08-26 18:48:44 INFO  DbOperations:114 - 
.......Transaction Is Being Rolled Back.......

2020-08-26 18:48:44 INFO  AppMain:28 - 
=======READ RECORDS AFTER UPDATION=======

2020-08-26 18:48:44 INFO  AppMain:32 - Student Details?= Id: 11, Name: Editor 101, Roll No.: 101, Course: Bachelor Of Technology
2020-08-26 18:48:44 INFO  AppMain:32 - Student Details?= Id: 12, Name: Editor 102, Roll No.: 102, Course: Bachelor Of Technology
2020-08-26 18:48:44 INFO  AppMain:32 - Student Details?= Id: 13, Name: Editor 103, Roll No.: 103, Course: Bachelor Of Technology
2020-08-26 18:48:44 INFO  AppMain:32 - Student Details?= Id: 14, Name: Editor 104, Roll No.: 104, Course: Bachelor Of Technology
2020-08-26 18:48:44 INFO  AppMain:32 - Student Details?= Id: 15, Name: Editor 105, Roll No.: 105, Course: Bachelor Of Technology
2020-08-26 18:48:44 INFO  AppMain:32 - Student Details?= Id: 16, Name: Editor 101, Roll No.: 101, Course: Bachelor Of Technology
2020-08-26 18:48:44 INFO  AppMain:32 - Student Details?= Id: 17, Name: Editor 102, Roll No.: 102, Course: Bachelor Of Technology
2020-08-26 18:48:44 INFO  AppMain:32 - Student Details?= Id: 18, Name: Editor 103, Roll No.: 103, Course: Bachelor Of Technology
2020-08-26 18:48:44 INFO  AppMain:32 - Student Details?= Id: 19, Name: Editor 104, Roll No.: 104, Course: Bachelor Of Technology
2020-08-26 18:48:44 INFO  AppMain:32 - Student Details?= Id: 20, Name: Editor 105, Roll No.: 105, Course: Bachelor Of Technology
2020-08-26 18:48:44 INFO  AppMain:32 - Student Details?= Id: 21, Name: Editor 101, Roll No.: 101, Course: Bachelor Of Technology
2020-08-26 18:48:44 INFO  AppMain:32 - Student Details?= Id: 22, Name: Editor 102, Roll No.: 102, Course: Bachelor Of Technology
2020-08-26 18:48:44 INFO  AppMain:32 - Student Details?= Id: 23, Name: Editor 103, Roll No.: 103, Course: Bachelor Of Technology
2020-08-26 18:48:44 INFO  AppMain:32 - Student Details?= Id: 24, Name: Editor 104, Roll No.: 104, Course: Bachelor Of Technology
2020-08-26 18:48:44 INFO  AppMain:32 - Student Details?= Id: 25, Name: Editor 105, Roll No.: 105, Course: Bachelor Of Technology
2020-08-26 18:48:44 INFO  AppMain:36 - 
=======DELETE RECORD=======

2020-08-26 18:48:44 INFO  DbOperations:141 - 
.......Transaction Is Being Rolled Back.......

2020-08-26 18:48:44 INFO  AppMain:39 - 
=======READ RECORDS AFTER DELETION=======

2020-08-26 18:48:45 INFO  AppMain:42 - Student Details?= Id: 11, Name: Editor 101, Roll No.: 101, Course: Bachelor Of Technology
2020-08-26 18:48:45 INFO  AppMain:42 - Student Details?= Id: 12, Name: Editor 102, Roll No.: 102, Course: Bachelor Of Technology
2020-08-26 18:48:45 INFO  AppMain:42 - Student Details?= Id: 13, Name: Editor 103, Roll No.: 103, Course: Bachelor Of Technology
2020-08-26 18:48:45 INFO  AppMain:42 - Student Details?= Id: 14, Name: Editor 104, Roll No.: 104, Course: Bachelor Of Technology
2020-08-26 18:48:45 INFO  AppMain:42 - Student Details?= Id: 15, Name: Editor 105, Roll No.: 105, Course: Bachelor Of Technology
2020-08-26 18:48:45 INFO  AppMain:42 - Student Details?= Id: 16, Name: Editor 101, Roll No.: 101, Course: Bachelor Of Technology
2020-08-26 18:48:45 INFO  AppMain:42 - Student Details?= Id: 17, Name: Editor 102, Roll No.: 102, Course: Bachelor Of Technology
2020-08-26 18:48:45 INFO  AppMain:42 - Student Details?= Id: 18, Name: Editor 103, Roll No.: 103, Course: Bachelor Of Technology
2020-08-26 18:48:45 INFO  AppMain:42 - Student Details?= Id: 19, Name: Editor 104, Roll No.: 104, Course: Bachelor Of Technology
2020-08-26 18:48:45 INFO  AppMain:42 - Student Details?= Id: 20, Name: Editor 105, Roll No.: 105, Course: Bachelor Of Technology
2020-08-26 18:48:45 INFO  AppMain:42 - Student Details?= Id: 21, Name: Editor 101, Roll No.: 101, Course: Bachelor Of Technology
2020-08-26 18:48:45 INFO  AppMain:42 - Student Details?= Id: 22, Name: Editor 102, Roll No.: 102, Course: Bachelor Of Technology
2020-08-26 18:48:45 INFO  AppMain:42 - Student Details?= Id: 23, Name: Editor 103, Roll No.: 103, Course: Bachelor Of Technology
2020-08-26 18:48:45 INFO  AppMain:42 - Student Details?= Id: 24, Name: Editor 104, Roll No.: 104, Course: Bachelor Of Technology
2020-08-26 18:48:45 INFO  AppMain:42 - Student Details?= Id: 25, Name: Editor 105, Roll No.: 105, Course: Bachelor Of Technology
2020-08-26 18:51:14 INFO  AppMain:12 - .......Hibernate Crud Operations Example.......

2020-08-26 18:51:14 INFO  AppMain:14 - 
=======CREATE RECORDS=======

2020-08-26 18:51:17 INFO  DbOperations:57 - 
Successfully Created '5' Records In The Database!

2020-08-26 18:51:17 INFO  AppMain:17 - 
=======READ RECORDS=======

2020-08-26 18:51:17 INFO  AppMain:21 - Student Details?= Id: 11, Name: Editor 101, Roll No.: 101, Course: Bachelor Of Technology
2020-08-26 18:51:17 INFO  AppMain:21 - Student Details?= Id: 12, Name: Editor 102, Roll No.: 102, Course: Bachelor Of Technology
2020-08-26 18:51:17 INFO  AppMain:21 - Student Details?= Id: 13, Name: Editor 103, Roll No.: 103, Course: Bachelor Of Technology
2020-08-26 18:51:17 INFO  AppMain:21 - Student Details?= Id: 14, Name: Editor 104, Roll No.: 104, Course: Bachelor Of Technology
2020-08-26 18:51:17 INFO  AppMain:21 - Student Details?= Id: 15, Name: Editor 105, Roll No.: 105, Course: Bachelor Of Technology
2020-08-26 18:51:17 INFO  AppMain:21 - Student Details?= Id: 16, Name: Editor 101, Roll No.: 101, Course: Bachelor Of Technology
2020-08-26 18:51:17 INFO  AppMain:21 - Student Details?= Id: 17, Name: Editor 102, Roll No.: 102, Course: Bachelor Of Technology
2020-08-26 18:51:17 INFO  AppMain:21 - Student Details?= Id: 18, Name: Editor 103, Roll No.: 103, Course: Bachelor Of Technology
2020-08-26 18:51:17 INFO  AppMain:21 - Student Details?= Id: 19, Name: Editor 104, Roll No.: 104, Course: Bachelor Of Technology
2020-08-26 18:51:17 INFO  AppMain:21 - Student Details?= Id: 20, Name: Editor 105, Roll No.: 105, Course: Bachelor Of Technology
2020-08-26 18:51:17 INFO  AppMain:21 - Student Details?= Id: 21, Name: Editor 101, Roll No.: 101, Course: Bachelor Of Technology
2020-08-26 18:51:17 INFO  AppMain:21 - Student Details?= Id: 22, Name: Editor 102, Roll No.: 102, Course: Bachelor Of Technology
2020-08-26 18:51:17 INFO  AppMain:21 - Student Details?= Id: 23, Name: Editor 103, Roll No.: 103, Course: Bachelor Of Technology
2020-08-26 18:51:17 INFO  AppMain:21 - Student Details?= Id: 24, Name: Editor 104, Roll No.: 104, Course: Bachelor Of Technology
2020-08-26 18:51:17 INFO  AppMain:21 - Student Details?= Id: 25, Name: Editor 105, Roll No.: 105, Course: Bachelor Of Technology
2020-08-26 18:51:17 INFO  AppMain:21 - Student Details?= Id: 26, Name: Editor 101, Roll No.: 101, Course: Bachelor Of Technology
2020-08-26 18:51:17 INFO  AppMain:21 - Student Details?= Id: 27, Name: Editor 102, Roll No.: 102, Course: Bachelor Of Technology
2020-08-26 18:51:17 INFO  AppMain:21 - Student Details?= Id: 28, Name: Editor 103, Roll No.: 103, Course: Bachelor Of Technology
2020-08-26 18:51:17 INFO  AppMain:21 - Student Details?= Id: 29, Name: Editor 104, Roll No.: 104, Course: Bachelor Of Technology
2020-08-26 18:51:17 INFO  AppMain:21 - Student Details?= Id: 30, Name: Editor 105, Roll No.: 105, Course: Bachelor Of Technology
2020-08-26 18:51:17 INFO  AppMain:25 - 
=======UPDATE RECORDS=======

2020-08-26 18:51:17 INFO  DbOperations:114 - 
.......Transaction Is Being Rolled Back.......

2020-08-26 18:51:17 INFO  AppMain:28 - 
=======READ RECORDS AFTER UPDATION=======

2020-08-26 18:51:17 INFO  AppMain:32 - Student Details?= Id: 11, Name: Editor 101, Roll No.: 101, Course: Bachelor Of Technology
2020-08-26 18:51:17 INFO  AppMain:32 - Student Details?= Id: 12, Name: Editor 102, Roll No.: 102, Course: Bachelor Of Technology
2020-08-26 18:51:17 INFO  AppMain:32 - Student Details?= Id: 13, Name: Editor 103, Roll No.: 103, Course: Bachelor Of Technology
2020-08-26 18:51:17 INFO  AppMain:32 - Student Details?= Id: 14, Name: Editor 104, Roll No.: 104, Course: Bachelor Of Technology
2020-08-26 18:51:17 INFO  AppMain:32 - Student Details?= Id: 15, Name: Editor 105, Roll No.: 105, Course: Bachelor Of Technology
2020-08-26 18:51:17 INFO  AppMain:32 - Student Details?= Id: 16, Name: Editor 101, Roll No.: 101, Course: Bachelor Of Technology
2020-08-26 18:51:17 INFO  AppMain:32 - Student Details?= Id: 17, Name: Editor 102, Roll No.: 102, Course: Bachelor Of Technology
2020-08-26 18:51:17 INFO  AppMain:32 - Student Details?= Id: 18, Name: Editor 103, Roll No.: 103, Course: Bachelor Of Technology
2020-08-26 18:51:17 INFO  AppMain:32 - Student Details?= Id: 19, Name: Editor 104, Roll No.: 104, Course: Bachelor Of Technology
2020-08-26 18:51:17 INFO  AppMain:32 - Student Details?= Id: 20, Name: Editor 105, Roll No.: 105, Course: Bachelor Of Technology
2020-08-26 18:51:17 INFO  AppMain:32 - Student Details?= Id: 21, Name: Editor 101, Roll No.: 101, Course: Bachelor Of Technology
2020-08-26 18:51:17 INFO  AppMain:32 - Student Details?= Id: 22, Name: Editor 102, Roll No.: 102, Course: Bachelor Of Technology
2020-08-26 18:51:17 INFO  AppMain:32 - Student Details?= Id: 23, Name: Editor 103, Roll No.: 103, Course: Bachelor Of Technology
2020-08-26 18:51:17 INFO  AppMain:32 - Student Details?= Id: 24, Name: Editor 104, Roll No.: 104, Course: Bachelor Of Technology
2020-08-26 18:51:17 INFO  AppMain:32 - Student Details?= Id: 25, Name: Editor 105, Roll No.: 105, Course: Bachelor Of Technology
2020-08-26 18:51:17 INFO  AppMain:32 - Student Details?= Id: 26, Name: Editor 101, Roll No.: 101, Course: Bachelor Of Technology
2020-08-26 18:51:17 INFO  AppMain:32 - Student Details?= Id: 27, Name: Editor 102, Roll No.: 102, Course: Bachelor Of Technology
2020-08-26 18:51:17 INFO  AppMain:32 - Student Details?= Id: 28, Name: Editor 103, Roll No.: 103, Course: Bachelor Of Technology
2020-08-26 18:51:17 INFO  AppMain:32 - Student Details?= Id: 29, Name: Editor 104, Roll No.: 104, Course: Bachelor Of Technology
2020-08-26 18:51:17 INFO  AppMain:32 - Student Details?= Id: 30, Name: Editor 105, Roll No.: 105, Course: Bachelor Of Technology
2020-08-26 18:51:17 INFO  AppMain:36 - 
=======DELETE RECORD=======

2020-08-26 18:51:17 INFO  DbOperations:141 - 
.......Transaction Is Being Rolled Back.......

2020-08-26 18:51:17 INFO  AppMain:39 - 
=======READ RECORDS AFTER DELETION=======

2020-08-26 18:51:17 INFO  AppMain:42 - Student Details?= Id: 11, Name: Editor 101, Roll No.: 101, Course: Bachelor Of Technology
2020-08-26 18:51:17 INFO  AppMain:42 - Student Details?= Id: 12, Name: Editor 102, Roll No.: 102, Course: Bachelor Of Technology
2020-08-26 18:51:17 INFO  AppMain:42 - Student Details?= Id: 13, Name: Editor 103, Roll No.: 103, Course: Bachelor Of Technology
2020-08-26 18:51:17 INFO  AppMain:42 - Student Details?= Id: 14, Name: Editor 104, Roll No.: 104, Course: Bachelor Of Technology
2020-08-26 18:51:17 INFO  AppMain:42 - Student Details?= Id: 15, Name: Editor 105, Roll No.: 105, Course: Bachelor Of Technology
2020-08-26 18:51:17 INFO  AppMain:42 - Student Details?= Id: 16, Name: Editor 101, Roll No.: 101, Course: Bachelor Of Technology
2020-08-26 18:51:17 INFO  AppMain:42 - Student Details?= Id: 17, Name: Editor 102, Roll No.: 102, Course: Bachelor Of Technology
2020-08-26 18:51:17 INFO  AppMain:42 - Student Details?= Id: 18, Name: Editor 103, Roll No.: 103, Course: Bachelor Of Technology
2020-08-26 18:51:17 INFO  AppMain:42 - Student Details?= Id: 19, Name: Editor 104, Roll No.: 104, Course: Bachelor Of Technology
2020-08-26 18:51:17 INFO  AppMain:42 - Student Details?= Id: 20, Name: Editor 105, Roll No.: 105, Course: Bachelor Of Technology
2020-08-26 18:51:17 INFO  AppMain:42 - Student Details?= Id: 21, Name: Editor 101, Roll No.: 101, Course: Bachelor Of Technology
2020-08-26 18:51:17 INFO  AppMain:42 - Student Details?= Id: 22, Name: Editor 102, Roll No.: 102, Course: Bachelor Of Technology
2020-08-26 18:51:17 INFO  AppMain:42 - Student Details?= Id: 23, Name: Editor 103, Roll No.: 103, Course: Bachelor Of Technology
2020-08-26 18:51:17 INFO  AppMain:42 - Student Details?= Id: 24, Name: Editor 104, Roll No.: 104, Course: Bachelor Of Technology
2020-08-26 18:51:17 INFO  AppMain:42 - Student Details?= Id: 25, Name: Editor 105, Roll No.: 105, Course: Bachelor Of Technology
2020-08-26 18:51:17 INFO  AppMain:42 - Student Details?= Id: 26, Name: Editor 101, Roll No.: 101, Course: Bachelor Of Technology
2020-08-26 18:51:17 INFO  AppMain:42 - Student Details?= Id: 27, Name: Editor 102, Roll No.: 102, Course: Bachelor Of Technology
2020-08-26 18:51:17 INFO  AppMain:42 - Student Details?= Id: 28, Name: Editor 103, Roll No.: 103, Course: Bachelor Of Technology
2020-08-26 18:51:17 INFO  AppMain:42 - Student Details?= Id: 29, Name: Editor 104, Roll No.: 104, Course: Bachelor Of Technology
2020-08-26 18:51:17 INFO  AppMain:42 - Student Details?= Id: 30, Name: Editor 105, Roll No.: 105, Course: Bachelor Of Technology
2020-08-26 18:52:25 INFO  AppMain:12 - .......Hibernate Crud Operations Example.......

2020-08-26 18:52:25 INFO  AppMain:14 - 
=======CREATE RECORDS=======

2020-08-26 18:52:27 INFO  DbOperations:57 - 
Successfully Created '5' Records In The Database!

2020-08-26 18:52:27 INFO  AppMain:17 - 
=======READ RECORDS=======

2020-08-26 18:52:27 INFO  AppMain:21 - Student Details?= Id: 11, Name: Editor 101, Roll No.: 101, Course: Bachelor Of Technology
2020-08-26 18:52:27 INFO  AppMain:21 - Student Details?= Id: 12, Name: Editor 102, Roll No.: 102, Course: Bachelor Of Technology
2020-08-26 18:52:27 INFO  AppMain:21 - Student Details?= Id: 13, Name: Editor 103, Roll No.: 103, Course: Bachelor Of Technology
2020-08-26 18:52:27 INFO  AppMain:21 - Student Details?= Id: 14, Name: Editor 104, Roll No.: 104, Course: Bachelor Of Technology
2020-08-26 18:52:27 INFO  AppMain:21 - Student Details?= Id: 15, Name: Editor 105, Roll No.: 105, Course: Bachelor Of Technology
2020-08-26 18:52:27 INFO  AppMain:21 - Student Details?= Id: 16, Name: Editor 101, Roll No.: 101, Course: Bachelor Of Technology
2020-08-26 18:52:27 INFO  AppMain:21 - Student Details?= Id: 17, Name: Editor 102, Roll No.: 102, Course: Bachelor Of Technology
2020-08-26 18:52:27 INFO  AppMain:21 - Student Details?= Id: 18, Name: Editor 103, Roll No.: 103, Course: Bachelor Of Technology
2020-08-26 18:52:27 INFO  AppMain:21 - Student Details?= Id: 19, Name: Editor 104, Roll No.: 104, Course: Bachelor Of Technology
2020-08-26 18:52:27 INFO  AppMain:21 - Student Details?= Id: 20, Name: Editor 105, Roll No.: 105, Course: Bachelor Of Technology
2020-08-26 18:52:27 INFO  AppMain:21 - Student Details?= Id: 21, Name: Editor 101, Roll No.: 101, Course: Bachelor Of Technology
2020-08-26 18:52:27 INFO  AppMain:21 - Student Details?= Id: 22, Name: Editor 102, Roll No.: 102, Course: Bachelor Of Technology
2020-08-26 18:52:27 INFO  AppMain:21 - Student Details?= Id: 23, Name: Editor 103, Roll No.: 103, Course: Bachelor Of Technology
2020-08-26 18:52:27 INFO  AppMain:21 - Student Details?= Id: 24, Name: Editor 104, Roll No.: 104, Course: Bachelor Of Technology
2020-08-26 18:52:27 INFO  AppMain:21 - Student Details?= Id: 25, Name: Editor 105, Roll No.: 105, Course: Bachelor Of Technology
2020-08-26 18:52:27 INFO  AppMain:21 - Student Details?= Id: 26, Name: Editor 101, Roll No.: 101, Course: Bachelor Of Technology
2020-08-26 18:52:27 INFO  AppMain:21 - Student Details?= Id: 27, Name: Editor 102, Roll No.: 102, Course: Bachelor Of Technology
2020-08-26 18:52:27 INFO  AppMain:21 - Student Details?= Id: 28, Name: Editor 103, Roll No.: 103, Course: Bachelor Of Technology
2020-08-26 18:52:27 INFO  AppMain:21 - Student Details?= Id: 29, Name: Editor 104, Roll No.: 104, Course: Bachelor Of Technology
2020-08-26 18:52:27 INFO  AppMain:21 - Student Details?= Id: 30, Name: Editor 105, Roll No.: 105, Course: Bachelor Of Technology
2020-08-26 18:52:27 INFO  AppMain:21 - Student Details?= Id: 31, Name: Editor 101, Roll No.: 101, Course: Bachelor Of Technology
2020-08-26 18:52:27 INFO  AppMain:21 - Student Details?= Id: 32, Name: Editor 102, Roll No.: 102, Course: Bachelor Of Technology
2020-08-26 18:52:27 INFO  AppMain:21 - Student Details?= Id: 33, Name: Editor 103, Roll No.: 103, Course: Bachelor Of Technology
2020-08-26 18:52:27 INFO  AppMain:21 - Student Details?= Id: 34, Name: Editor 104, Roll No.: 104, Course: Bachelor Of Technology
2020-08-26 18:52:27 INFO  AppMain:21 - Student Details?= Id: 35, Name: Editor 105, Roll No.: 105, Course: Bachelor Of Technology
2020-08-26 18:52:27 INFO  AppMain:25 - 
=======UPDATE RECORDS=======

2020-08-26 18:52:27 INFO  DbOperations:114 - 
.......Transaction Is Being Rolled Back.......

2020-08-26 18:52:27 INFO  AppMain:28 - 
=======READ RECORDS AFTER UPDATION=======

2020-08-26 18:52:27 INFO  AppMain:32 - Student Details?= Id: 11, Name: Editor 101, Roll No.: 101, Course: Bachelor Of Technology
2020-08-26 18:52:27 INFO  AppMain:32 - Student Details?= Id: 12, Name: Editor 102, Roll No.: 102, Course: Bachelor Of Technology
2020-08-26 18:52:27 INFO  AppMain:32 - Student Details?= Id: 13, Name: Editor 103, Roll No.: 103, Course: Bachelor Of Technology
2020-08-26 18:52:27 INFO  AppMain:32 - Student Details?= Id: 14, Name: Editor 104, Roll No.: 104, Course: Bachelor Of Technology
2020-08-26 18:52:27 INFO  AppMain:32 - Student Details?= Id: 15, Name: Editor 105, Roll No.: 105, Course: Bachelor Of Technology
2020-08-26 18:52:27 INFO  AppMain:32 - Student Details?= Id: 16, Name: Editor 101, Roll No.: 101, Course: Bachelor Of Technology
2020-08-26 18:52:27 INFO  AppMain:32 - Student Details?= Id: 17, Name: Editor 102, Roll No.: 102, Course: Bachelor Of Technology
2020-08-26 18:52:27 INFO  AppMain:32 - Student Details?= Id: 18, Name: Editor 103, Roll No.: 103, Course: Bachelor Of Technology
2020-08-26 18:52:27 INFO  AppMain:32 - Student Details?= Id: 19, Name: Editor 104, Roll No.: 104, Course: Bachelor Of Technology
2020-08-26 18:52:27 INFO  AppMain:32 - Student Details?= Id: 20, Name: Editor 105, Roll No.: 105, Course: Bachelor Of Technology
2020-08-26 18:52:27 INFO  AppMain:32 - Student Details?= Id: 21, Name: Editor 101, Roll No.: 101, Course: Bachelor Of Technology
2020-08-26 18:52:27 INFO  AppMain:32 - Student Details?= Id: 22, Name: Editor 102, Roll No.: 102, Course: Bachelor Of Technology
2020-08-26 18:52:27 INFO  AppMain:32 - Student Details?= Id: 23, Name: Editor 103, Roll No.: 103, Course: Bachelor Of Technology
2020-08-26 18:52:27 INFO  AppMain:32 - Student Details?= Id: 24, Name: Editor 104, Roll No.: 104, Course: Bachelor Of Technology
2020-08-26 18:52:27 INFO  AppMain:32 - Student Details?= Id: 25, Name: Editor 105, Roll No.: 105, Course: Bachelor Of Technology
2020-08-26 18:52:27 INFO  AppMain:32 - Student Details?= Id: 26, Name: Editor 101, Roll No.: 101, Course: Bachelor Of Technology
2020-08-26 18:52:27 INFO  AppMain:32 - Student Details?= Id: 27, Name: Editor 102, Roll No.: 102, Course: Bachelor Of Technology
2020-08-26 18:52:27 INFO  AppMain:32 - Student Details?= Id: 28, Name: Editor 103, Roll No.: 103, Course: Bachelor Of Technology
2020-08-26 18:52:27 INFO  AppMain:32 - Student Details?= Id: 29, Name: Editor 104, Roll No.: 104, Course: Bachelor Of Technology
2020-08-26 18:52:27 INFO  AppMain:32 - Student Details?= Id: 30, Name: Editor 105, Roll No.: 105, Course: Bachelor Of Technology
2020-08-26 18:52:27 INFO  AppMain:32 - Student Details?= Id: 31, Name: Editor 101, Roll No.: 101, Course: Bachelor Of Technology
2020-08-26 18:52:27 INFO  AppMain:32 - Student Details?= Id: 32, Name: Editor 102, Roll No.: 102, Course: Bachelor Of Technology
2020-08-26 18:52:27 INFO  AppMain:32 - Student Details?= Id: 33, Name: Editor 103, Roll No.: 103, Course: Bachelor Of Technology
2020-08-26 18:52:27 INFO  AppMain:32 - Student Details?= Id: 34, Name: Editor 104, Roll No.: 104, Course: Bachelor Of Technology
2020-08-26 18:52:27 INFO  AppMain:32 - Student Details?= Id: 35, Name: Editor 105, Roll No.: 105, Course: Bachelor Of Technology
2020-08-26 18:52:27 INFO  AppMain:36 - 
=======DELETE RECORD=======

2020-08-26 18:52:27 INFO  DbOperations:141 - 
.......Transaction Is Being Rolled Back.......

2020-08-26 18:52:27 INFO  AppMain:39 - 
=======READ RECORDS AFTER DELETION=======

2020-08-26 18:52:27 INFO  AppMain:42 - Student Details?= Id: 11, Name: Editor 101, Roll No.: 101, Course: Bachelor Of Technology
2020-08-26 18:52:27 INFO  AppMain:42 - Student Details?= Id: 12, Name: Editor 102, Roll No.: 102, Course: Bachelor Of Technology
2020-08-26 18:52:27 INFO  AppMain:42 - Student Details?= Id: 13, Name: Editor 103, Roll No.: 103, Course: Bachelor Of Technology
2020-08-26 18:52:27 INFO  AppMain:42 - Student Details?= Id: 14, Name: Editor 104, Roll No.: 104, Course: Bachelor Of Technology
2020-08-26 18:52:27 INFO  AppMain:42 - Student Details?= Id: 15, Name: Editor 105, Roll No.: 105, Course: Bachelor Of Technology
2020-08-26 18:52:27 INFO  AppMain:42 - Student Details?= Id: 16, Name: Editor 101, Roll No.: 101, Course: Bachelor Of Technology
2020-08-26 18:52:27 INFO  AppMain:42 - Student Details?= Id: 17, Name: Editor 102, Roll No.: 102, Course: Bachelor Of Technology
2020-08-26 18:52:27 INFO  AppMain:42 - Student Details?= Id: 18, Name: Editor 103, Roll No.: 103, Course: Bachelor Of Technology
2020-08-26 18:52:27 INFO  AppMain:42 - Student Details?= Id: 19, Name: Editor 104, Roll No.: 104, Course: Bachelor Of Technology
2020-08-26 18:52:27 INFO  AppMain:42 - Student Details?= Id: 20, Name: Editor 105, Roll No.: 105, Course: Bachelor Of Technology
2020-08-26 18:52:27 INFO  AppMain:42 - Student Details?= Id: 21, Name: Editor 101, Roll No.: 101, Course: Bachelor Of Technology
2020-08-26 18:52:27 INFO  AppMain:42 - Student Details?= Id: 22, Name: Editor 102, Roll No.: 102, Course: Bachelor Of Technology
2020-08-26 18:52:27 INFO  AppMain:42 - Student Details?= Id: 23, Name: Editor 103, Roll No.: 103, Course: Bachelor Of Technology
2020-08-26 18:52:27 INFO  AppMain:42 - Student Details?= Id: 24, Name: Editor 104, Roll No.: 104, Course: Bachelor Of Technology
2020-08-26 18:52:27 INFO  AppMain:42 - Student Details?= Id: 25, Name: Editor 105, Roll No.: 105, Course: Bachelor Of Technology
2020-08-26 18:52:27 INFO  AppMain:42 - Student Details?= Id: 26, Name: Editor 101, Roll No.: 101, Course: Bachelor Of Technology
2020-08-26 18:52:27 INFO  AppMain:42 - Student Details?= Id: 27, Name: Editor 102, Roll No.: 102, Course: Bachelor Of Technology
2020-08-26 18:52:27 INFO  AppMain:42 - Student Details?= Id: 28, Name: Editor 103, Roll No.: 103, Course: Bachelor Of Technology
2020-08-26 18:52:27 INFO  AppMain:42 - Student Details?= Id: 29, Name: Editor 104, Roll No.: 104, Course: Bachelor Of Technology
2020-08-26 18:52:27 INFO  AppMain:42 - Student Details?= Id: 30, Name: Editor 105, Roll No.: 105, Course: Bachelor Of Technology
2020-08-26 18:52:27 INFO  AppMain:42 - Student Details?= Id: 31, Name: Editor 101, Roll No.: 101, Course: Bachelor Of Technology
2020-08-26 18:52:27 INFO  AppMain:42 - Student Details?= Id: 32, Name: Editor 102, Roll No.: 102, Course: Bachelor Of Technology
2020-08-26 18:52:27 INFO  AppMain:42 - Student Details?= Id: 33, Name: Editor 103, Roll No.: 103, Course: Bachelor Of Technology
2020-08-26 18:52:27 INFO  AppMain:42 - Student Details?= Id: 34, Name: Editor 104, Roll No.: 104, Course: Bachelor Of Technology
2020-08-26 18:52:27 INFO  AppMain:42 - Student Details?= Id: 35, Name: Editor 105, Roll No.: 105, Course: Bachelor Of Technology
